colorpicker/build/outputs/logs/manifest-merger-debug-report.txt
-- Merging decision tree log ---
manifest
ADDED from Devpmms/colorpicker/AndroidManifest.xml:16:1-21:12
INJECTED from Devpmms/colorpicker/AndroidManifest.xml:16:1-21:12
INJECTED from Devpmms/colorpicker/AndroidManifest.xml:16:1-21:12
INJECTED from Devpmms/colorpicker/AndroidManifest.xml:16:1-21:12
INJECTED from Devpmms/colorpicker/AndroidManifest.xml:16:1-21:12
INJECTED from Devpmms/colorpicker/AndroidManifest.xml:16:1-21:12
INJECTED from Devpmms/colorpicker/AndroidManifest.xml:16:1-21:12
	package
		ADDED from Devpmms/colorpicker/AndroidManifest.xml:17:5-38
		INJECTED from Devpmms/colorpicker/AndroidManifest.xml
		INJECTED from Devpmms/colorpicker/AndroidManifest.xml
	android:versionName
		ADDED from Devpmms/colorpicker/AndroidManifest.xml:19:5-30
		INJECTED from Devpmms/colorpicker/AndroidManifest.xml
		INJECTED from Devpmms/colorpicker/AndroidManifest.xml
	xmlns:android
		ADDED from Devpmms/colorpicker/AndroidManifest.xml:16:11-69
	android:versionCode
		ADDED from Devpmms/colorpicker/AndroidManifest.xml:18:5-28
		INJECTED from Devpmms/colorpicker/AndroidManifest.xml
		INJECTED from Devpmms/colorpicker/AndroidManifest.xml
uses-sdk
INJECTED from Devpmms/colorpicker/AndroidManifest.xml reason: use-sdk injection requested
INJECTED from Devpmms/colorpicker/AndroidManifest.xml
INJECTED from Devpmms/colorpicker/AndroidManifest.xml
INJECTED from Devpmms/colorpicker/AndroidManifest.xml
INJECTED from Devpmms/colorpicker/AndroidManifest.xml
	android:targetSdkVersion
		INJECTED from Devpmms/colorpicker/AndroidManifest.xml
		ADDED from Devpmms/colorpicker/AndroidManifest.xml
		INJECTED from Devpmms/colorpicker/AndroidManifest.xml
	android:minSdkVersion
		INJECTED from Devpmms/colorpicker/AndroidManifest.xml
		ADDED from Devpmms/colorpicker/AndroidManifest.xml
		INJECTED from Devpmms/colorpicker/AndroidManifest.xml